{"level":"info","message":"[mb:2525] Loaded custom protocol graphql","timestamp":"2023-10-12T15:50:09.131Z"}
{"level":"info","message":"[mb:2525] mountebank v2.9.1 now taking orders - point your browser to http://localhost:2525/ for help","timestamp":"2023-10-12T15:50:09.140Z"}
{"level":"warn","message":"[mb:2525] Running with --allowInjection set. See http://localhost:2525/docs/security for security info","timestamp":"2023-10-12T15:50:09.137Z"}
{"level":"debug","message":"[mb:2525] config: {\"options\":{\"protofile\":\"protocols.json\",\"configfile\":\"imposters_main.ejs\",\"allowInjection\":true,\"allow-injection\":true,\"port\":2525,\"noParse\":false,\"no-parse\":false,\"formatter\":\"mountebank-formatters\",\"pidfile\":\"mb.pid\",\"localOnly\":false,\"local-only\":false,\"ipWhitelist\":[\"*\"],\"ip-whitelist\":\"*\",\"mock\":false,\"debug\":false,\"origin\":false,\"apikey\":null,\"log\":{\"level\":\"debug\",\"transports\":{\"console\":{\"colorize\":true,\"format\":\"%level: %message\"},\"file\":{\"path\":\"mb.log\",\"format\":\"json\"}}}},\"process\":{\"nodeVersion\":\"v16.17.1\",\"architecture\":\"x64\",\"platform\":\"darwin\"}}","timestamp":"2023-10-12T15:50:09.140Z"}
{"level":"info","message":"[mb:2525] PUT /imposters","timestamp":"2023-10-12T15:50:09.204Z"}
{"level":"debug","message":"[mb:2525] ::ffff:127.0.0.1:51131 => {\"imposters\":[{\"port\":4000,\"protocol\":\"graphql\",\"name\":\"GraphQL-Mock\",\"schemaEndpoint\":\"http://0.0.0.0:8080/graphql\",\"stubs\":[{\"predicates\":[{\"equals\":{\"mutation\":\"postCollateralInfo\",\"args\":{\"postEventData\":\"SaveDraftScreenCollateralInfo\"}}}],\"responses\":[{\"is\":{\"data\":{\"status\":{\"code\":1000,\"header\":\"SUCCESS\",\"description\":\"SUCCESS\"},\"data\":{\"workflowId\":\"a7c2f4a2-d61f-4543-ab60-4fcf5d3ae67e\",\"currentPage\":\"1324\",\"sheetsId\":1,\"sheetsNo\":\"sheetsNo\"}}}}]},{\"predicates\":[{\"equals\":{\"mutation\":\"postCollateralLandViewInfo\",\"args\":{\"postEventData\":\"SaveDraftScreenCollateralViewInfo\"}}}],\"responses\":[{\"is\":{\"data\":{\"status\":{\"code\":1000,\"header\":\"SUCCESS\",\"description\":\"SUCCESS\"},\"data\":{\"workflowId\":\"6c2d15e6-1963-475e-b168-94d93ee8f9e1\",\"currentPage\":\"collateral_condominium_info\",\"sheetsId\":4106,\"sheetsNo\":\"COL2310040000006\",\"propertiesDetailAppraisal\":{}}}}}]}]}]}","timestamp":"2023-10-12T15:50:09.206Z"}
{"level":"info","message":"[graphql:4000 GraphQL-Mock] GraphQL server ready at http://localhost:4000/ {}","timestamp":"2023-10-12T15:50:11.631Z"}
{"level":"info","message":"[graphql:4000 GraphQL-Mock] Open for business...","timestamp":"2023-10-12T15:50:11.632Z"}
{"level":"debug","message":"[mb:2525] POST /imposters/4000/_requests","timestamp":"2023-10-12T15:50:57.669Z"}
{"level":"debug","message":"[graphql:4000 GraphQL-Mock] using predicate match: [{\"equals\":{\"mutation\":\"postCollateralInfo\",\"args\":{\"postEventData\":\"SaveDraftScreenCollateralInfo\"}}}]","timestamp":"2023-10-12T15:50:57.671Z"}
{"level":"debug","message":"[graphql:4000 GraphQL-Mock] generating response from {\"is\":{\"data\":{\"status\":{\"code\":1000,\"header\":\"SUCCESS\",\"description\":\"SUCCESS\"},\"data\":{\"workflowId\":\"a7c2f4a2-d61f-4543-ab60-4fcf5d3ae67e\",\"currentPage\":\"1324\",\"sheetsId\":1,\"sheetsNo\":\"sheetsNo\"}}}}","timestamp":"2023-10-12T15:50:57.672Z"}
{"level":"debug","message":"[mb:2525] POST /imposters/4000/_requests","timestamp":"2023-10-12T15:51:37.608Z"}
{"level":"debug","message":"[graphql:4000 GraphQL-Mock] using predicate match: [{\"equals\":{\"mutation\":\"postCollateralLandViewInfo\",\"args\":{\"postEventData\":\"SaveDraftScreenCollateralViewInfo\"}}}]","timestamp":"2023-10-12T15:51:37.609Z"}
{"level":"debug","message":"[graphql:4000 GraphQL-Mock] generating response from {\"is\":{\"data\":{\"status\":{\"code\":1000,\"header\":\"SUCCESS\",\"description\":\"SUCCESS\"},\"data\":{\"workflowId\":\"6c2d15e6-1963-475e-b168-94d93ee8f9e1\",\"currentPage\":\"collateral_condominium_info\",\"sheetsId\":4106,\"sheetsNo\":\"COL2310040000006\",\"propertiesDetailAppraisal\":{}}}}}","timestamp":"2023-10-12T15:51:37.609Z"}
{"level":"debug","message":"[mb:2525] POST /imposters/4000/_requests","timestamp":"2023-10-12T15:51:45.932Z"}
{"level":"debug","message":"[graphql:4000 GraphQL-Mock] using predicate match: [{\"equals\":{\"mutation\":\"postCollateralLandViewInfo\",\"args\":{\"postEventData\":\"SaveDraftScreenCollateralViewInfo\"}}}]","timestamp":"2023-10-12T15:51:45.933Z"}
{"level":"debug","message":"[graphql:4000 GraphQL-Mock] generating response from {\"is\":{\"data\":{\"status\":{\"code\":1000,\"header\":\"SUCCESS\",\"description\":\"SUCCESS\"},\"data\":{\"workflowId\":\"6c2d15e6-1963-475e-b168-94d93ee8f9e1\",\"currentPage\":\"collateral_condominium_info\",\"sheetsId\":4106,\"sheetsNo\":\"COL2310040000006\",\"propertiesDetailAppraisal\":{}}}}}","timestamp":"2023-10-12T15:51:45.933Z"}
{"level":"debug","message":"[mb:2525] POST /imposters/4000/_requests","timestamp":"2023-10-12T15:51:46.779Z"}
{"level":"debug","message":"[graphql:4000 GraphQL-Mock] using predicate match: [{\"equals\":{\"mutation\":\"postCollateralLandViewInfo\",\"args\":{\"postEventData\":\"SaveDraftScreenCollateralViewInfo\"}}}]","timestamp":"2023-10-12T15:51:46.780Z"}
{"level":"debug","message":"[graphql:4000 GraphQL-Mock] generating response from {\"is\":{\"data\":{\"status\":{\"code\":1000,\"header\":\"SUCCESS\",\"description\":\"SUCCESS\"},\"data\":{\"workflowId\":\"6c2d15e6-1963-475e-b168-94d93ee8f9e1\",\"currentPage\":\"collateral_condominium_info\",\"sheetsId\":4106,\"sheetsNo\":\"COL2310040000006\",\"propertiesDetailAppraisal\":{}}}}}","timestamp":"2023-10-12T15:51:46.781Z"}
{"level":"debug","message":"[mb:2525] POST /imposters/4000/_requests","timestamp":"2023-10-12T15:51:47.546Z"}
{"level":"debug","message":"[graphql:4000 GraphQL-Mock] using predicate match: [{\"equals\":{\"mutation\":\"postCollateralLandViewInfo\",\"args\":{\"postEventData\":\"SaveDraftScreenCollateralViewInfo\"}}}]","timestamp":"2023-10-12T15:51:47.547Z"}
{"level":"debug","message":"[graphql:4000 GraphQL-Mock] generating response from {\"is\":{\"data\":{\"status\":{\"code\":1000,\"header\":\"SUCCESS\",\"description\":\"SUCCESS\"},\"data\":{\"workflowId\":\"6c2d15e6-1963-475e-b168-94d93ee8f9e1\",\"currentPage\":\"collateral_condominium_info\",\"sheetsId\":4106,\"sheetsNo\":\"COL2310040000006\",\"propertiesDetailAppraisal\":{}}}}}","timestamp":"2023-10-12T15:51:47.547Z"}
{"level":"debug","message":"[mb:2525] POST /imposters/4000/_requests","timestamp":"2023-10-12T15:51:48.345Z"}
{"level":"debug","message":"[graphql:4000 GraphQL-Mock] using predicate match: [{\"equals\":{\"mutation\":\"postCollateralLandViewInfo\",\"args\":{\"postEventData\":\"SaveDraftScreenCollateralViewInfo\"}}}]","timestamp":"2023-10-12T15:51:48.346Z"}
{"level":"debug","message":"[graphql:4000 GraphQL-Mock] generating response from {\"is\":{\"data\":{\"status\":{\"code\":1000,\"header\":\"SUCCESS\",\"description\":\"SUCCESS\"},\"data\":{\"workflowId\":\"6c2d15e6-1963-475e-b168-94d93ee8f9e1\",\"currentPage\":\"collateral_condominium_info\",\"sheetsId\":4106,\"sheetsNo\":\"COL2310040000006\",\"propertiesDetailAppraisal\":{}}}}}","timestamp":"2023-10-12T15:51:48.346Z"}
{"level":"debug","message":"[mb:2525] POST /imposters/4000/_requests","timestamp":"2023-10-12T15:51:49.103Z"}
{"level":"debug","message":"[graphql:4000 GraphQL-Mock] using predicate match: [{\"equals\":{\"mutation\":\"postCollateralLandViewInfo\",\"args\":{\"postEventData\":\"SaveDraftScreenCollateralViewInfo\"}}}]","timestamp":"2023-10-12T15:51:49.103Z"}
{"level":"debug","message":"[graphql:4000 GraphQL-Mock] generating response from {\"is\":{\"data\":{\"status\":{\"code\":1000,\"header\":\"SUCCESS\",\"description\":\"SUCCESS\"},\"data\":{\"workflowId\":\"6c2d15e6-1963-475e-b168-94d93ee8f9e1\",\"currentPage\":\"collateral_condominium_info\",\"sheetsId\":4106,\"sheetsNo\":\"COL2310040000006\",\"propertiesDetailAppraisal\":{}}}}}","timestamp":"2023-10-12T15:51:49.104Z"}
{"level":"debug","message":"[mb:2525] POST /imposters/4000/_requests","timestamp":"2023-10-12T15:51:56.908Z"}
{"level":"debug","message":"[graphql:4000 GraphQL-Mock] using predicate match: [{\"equals\":{\"mutation\":\"postCollateralInfo\",\"args\":{\"postEventData\":\"SaveDraftScreenCollateralInfo\"}}}]","timestamp":"2023-10-12T15:51:56.909Z"}
{"level":"debug","message":"[graphql:4000 GraphQL-Mock] generating response from {\"is\":{\"data\":{\"status\":{\"code\":1000,\"header\":\"SUCCESS\",\"description\":\"SUCCESS\"},\"data\":{\"workflowId\":\"a7c2f4a2-d61f-4543-ab60-4fcf5d3ae67e\",\"currentPage\":\"1324\",\"sheetsId\":1,\"sheetsNo\":\"sheetsNo\"}}}}","timestamp":"2023-10-12T15:51:56.909Z"}
{"level":"debug","message":"[mb:2525] POST /imposters/4000/_requests","timestamp":"2023-10-12T15:52:10.552Z"}
{"level":"debug","message":"[graphql:4000 GraphQL-Mock] using predicate match: [{\"equals\":{\"mutation\":\"postCollateralLandViewInfo\",\"args\":{\"postEventData\":\"SaveDraftScreenCollateralViewInfo\"}}}]","timestamp":"2023-10-12T15:52:10.553Z"}
{"level":"debug","message":"[graphql:4000 GraphQL-Mock] generating response from {\"is\":{\"data\":{\"status\":{\"code\":1000,\"header\":\"SUCCESS\",\"description\":\"SUCCESS\"},\"data\":{\"workflowId\":\"6c2d15e6-1963-475e-b168-94d93ee8f9e1\",\"currentPage\":\"collateral_condominium_info\",\"sheetsId\":4106,\"sheetsNo\":\"COL2310040000006\",\"propertiesDetailAppraisal\":{}}}}}","timestamp":"2023-10-12T15:52:10.553Z"}
{"level":"info","message":"[mb:2525] Adios - see you soon?","timestamp":"2023-10-12T15:52:34.900Z"}
